{"/Users/vahe/Desktop/to-do-list-website/modules/addNewTask.js": {"path":"/Users/vahe/Desktop/to-do-list-website/modules/addNewTask.js","statementMap":{"0":{"start":{"line":2,"column":18},"end":{"line":6,"column":3}},"1":{"start":{"line":7,"column":2},"end":{"line":7,"column":22}},"2":{"start":{"line":9,"column":2},"end":{"line":9,"column":15}}},"fnMap":{"0":{"name":"(anonymous_0)","decl":{"start":{"line":1,"column":15},"end":{"line":1,"column":16}},"loc":{"start":{"line":1,"column":43},"end":{"line":10,"column":1}},"line":1}},"branchMap":{},"s":{"0":1,"1":1,"2":1},"f":{"0":1},"b":{},"_coverageSchema":"1a1c01bbd47fc00a2c39e90264f33305004495a9","hash":"2aba10ecf362cc9c9135d80b8e1621413e1a7ed1"}
,"/Users/vahe/Desktop/to-do-list-website/modules/deleteTask.js": {"path":"/Users/vahe/Desktop/to-do-list-website/modules/deleteTask.js","statementMap":{"0":{"start":{"line":2,"column":2},"end":{"line":2,"column":22}},"1":{"start":{"line":3,"column":10},"end":{"line":3,"column":12}},"2":{"start":{"line":4,"column":2},"end":{"line":7,"column":3}},"3":{"start":{"line":5,"column":4},"end":{"line":5,"column":20}},"4":{"start":{"line":6,"column":4},"end":{"line":6,"column":11}},"5":{"start":{"line":8,"column":2},"end":{"line":8,"column":15}}},"fnMap":{"0":{"name":"(anonymous_0)","decl":{"start":{"line":1,"column":15},"end":{"line":1,"column":16}},"loc":{"start":{"line":1,"column":30},"end":{"line":9,"column":1}},"line":1}},"branchMap":{},"s":{"0":1,"1":1,"2":1,"3":1,"4":1,"5":1},"f":{"0":1},"b":{},"_coverageSchema":"1a1c01bbd47fc00a2c39e90264f33305004495a9","hash":"a576774fa078d9df51a612f69769859461506e5e"}
}
